mode: set
github.com/echovl/jsonrpc/client.go:29.36,31.2 1 1
github.com/echovl/jsonrpc/client.go:33.92,36.9 3 1
github.com/echovl/jsonrpc/client.go:37.20,38.46 1 1
github.com/echovl/jsonrpc/client.go:39.21,40.13 1 1
github.com/echovl/jsonrpc/client.go:45.103,47.16 2 1
github.com/echovl/jsonrpc/client.go:51.2,54.47 3 1
github.com/echovl/jsonrpc/client.go:59.2,60.16 2 1
github.com/echovl/jsonrpc/client.go:64.2,67.16 3 1
github.com/echovl/jsonrpc/client.go:71.2,71.22 1 1
github.com/echovl/jsonrpc/client.go:76.2,76.59 1 1
github.com/echovl/jsonrpc/client.go:80.2,80.13 1 1
github.com/echovl/jsonrpc/client.go:47.16,50.3 2 0
github.com/echovl/jsonrpc/client.go:54.47,57.3 2 0
github.com/echovl/jsonrpc/client.go:60.16,63.3 2 1
github.com/echovl/jsonrpc/client.go:67.16,70.3 2 0
github.com/echovl/jsonrpc/client.go:71.22,74.3 2 1
github.com/echovl/jsonrpc/client.go:76.59,79.3 2 0
github.com/echovl/jsonrpc/client.go:84.80,86.16 2 1
github.com/echovl/jsonrpc/client.go:89.2,93.16 4 1
github.com/echovl/jsonrpc/client.go:96.2,96.23 1 1
github.com/echovl/jsonrpc/client.go:86.16,88.3 1 0
github.com/echovl/jsonrpc/client.go:93.16,95.3 1 1
github.com/echovl/jsonrpc/client.go:100.33,102.2 1 1
github.com/echovl/jsonrpc/jsonrpc.go:34.31,36.2 1 0
github.com/echovl/jsonrpc/message.go:21.51,24.53 3 1
github.com/echovl/jsonrpc/message.go:27.2,27.12 1 1
github.com/echovl/jsonrpc/message.go:24.53,26.3 1 0
github.com/echovl/jsonrpc/message.go:37.36,39.2 1 1
github.com/echovl/jsonrpc/message.go:48.34,49.22 1 1
github.com/echovl/jsonrpc/message.go:52.2,52.19 1 1
github.com/echovl/jsonrpc/message.go:49.22,51.3 1 1
github.com/echovl/jsonrpc/message.go:55.37,57.2 1 1
github.com/echovl/jsonrpc/message.go:59.56,61.2 1 1
github.com/echovl/jsonrpc/message.go:64.51,66.55 2 1
github.com/echovl/jsonrpc/message.go:71.2,72.36 2 1
github.com/echovl/jsonrpc/message.go:75.2,75.90 1 1
github.com/echovl/jsonrpc/message.go:66.55,68.3 1 0
github.com/echovl/jsonrpc/message.go:72.36,74.3 1 0
github.com/echovl/jsonrpc/message.go:79.49,81.55 2 1
github.com/echovl/jsonrpc/message.go:85.2,85.43 1 1
github.com/echovl/jsonrpc/message.go:88.2,88.74 1 1
github.com/echovl/jsonrpc/message.go:81.55,83.3 1 1
github.com/echovl/jsonrpc/message.go:85.43,87.3 1 1
github.com/echovl/jsonrpc/message.go:91.37,92.15 1 1
github.com/echovl/jsonrpc/message.go:96.2,96.36 1 1
github.com/echovl/jsonrpc/message.go:92.15,94.3 1 0
github.com/echovl/jsonrpc/message.go:97.52,98.14 1 0
github.com/echovl/jsonrpc/message.go:99.10,100.15 1 1
github.com/echovl/jsonrpc/server.go:35.26,37.2 1 1
github.com/echovl/jsonrpc/server.go:41.71,44.16 3 1
github.com/echovl/jsonrpc/server.go:47.2,48.12 2 1
github.com/echovl/jsonrpc/server.go:44.16,46.3 1 1
github.com/echovl/jsonrpc/server.go:51.90,53.46 2 1
github.com/echovl/jsonrpc/server.go:58.2,59.34 2 1
github.com/echovl/jsonrpc/server.go:64.2,64.51 1 1
github.com/echovl/jsonrpc/server.go:69.2,69.18 1 1
github.com/echovl/jsonrpc/server.go:77.2,77.40 1 1
github.com/echovl/jsonrpc/server.go:82.2,83.37 2 1
github.com/echovl/jsonrpc/server.go:88.2,88.54 1 1
github.com/echovl/jsonrpc/server.go:92.2,92.8 1 1
github.com/echovl/jsonrpc/server.go:53.46,56.3 2 1
github.com/echovl/jsonrpc/server.go:59.34,62.3 2 1
github.com/echovl/jsonrpc/server.go:64.51,67.3 2 1
github.com/echovl/jsonrpc/server.go:69.18,71.38 2 1
github.com/echovl/jsonrpc/server.go:71.38,74.4 2 1
github.com/echovl/jsonrpc/server.go:77.40,80.3 2 1
github.com/echovl/jsonrpc/server.go:83.37,86.3 2 1
github.com/echovl/jsonrpc/server.go:88.54,91.3 2 1
github.com/echovl/jsonrpc/server.go:95.69,97.24 1 1
github.com/echovl/jsonrpc/server.go:103.2,106.43 4 1
github.com/echovl/jsonrpc/server.go:110.2,110.46 1 1
github.com/echovl/jsonrpc/server.go:115.2,116.9 2 1
github.com/echovl/jsonrpc/server.go:121.2,123.44 3 1
github.com/echovl/jsonrpc/server.go:127.2,127.44 1 1
github.com/echovl/jsonrpc/server.go:132.2,136.4 1 1
github.com/echovl/jsonrpc/server.go:97.24,101.3 3 0
github.com/echovl/jsonrpc/server.go:106.43,109.3 2 1
github.com/echovl/jsonrpc/server.go:110.46,113.3 2 1
github.com/echovl/jsonrpc/server.go:116.9,119.3 2 1
github.com/echovl/jsonrpc/server.go:123.44,126.3 2 1
github.com/echovl/jsonrpc/server.go:127.44,130.3 2 1
github.com/echovl/jsonrpc/server.go:139.55,140.46 1 1
github.com/echovl/jsonrpc/server.go:140.46,142.3 1 0
github.com/echovl/jsonrpc/server.go:145.96,147.24 2 1
github.com/echovl/jsonrpc/server.go:177.2,178.16 2 1
github.com/echovl/jsonrpc/server.go:182.2,182.20 1 1
github.com/echovl/jsonrpc/server.go:147.24,149.3 1 1
github.com/echovl/jsonrpc/server.go:149.8,152.40 3 1
github.com/echovl/jsonrpc/server.go:163.3,163.24 1 1
github.com/echovl/jsonrpc/server.go:166.3,166.116 1 1
github.com/echovl/jsonrpc/server.go:170.3,170.15 1 1
github.com/echovl/jsonrpc/server.go:152.40,155.4 2 1
github.com/echovl/jsonrpc/server.go:155.9,159.4 3 1
github.com/echovl/jsonrpc/server.go:163.24,165.4 1 1
github.com/echovl/jsonrpc/server.go:166.116,168.4 1 1
github.com/echovl/jsonrpc/server.go:170.15,172.4 1 1
github.com/echovl/jsonrpc/server.go:172.9,174.4 1 1
github.com/echovl/jsonrpc/server.go:178.16,181.3 1 1
github.com/echovl/jsonrpc/server.go:185.51,186.30 1 1
github.com/echovl/jsonrpc/server.go:191.2,191.56 1 1
github.com/echovl/jsonrpc/server.go:186.30,188.3 1 1
